[h2] seed=2026 recording=/Users/magnus/repos/cassette-ai/experiments/tape_v2/captures/tape7_run1.wav decode_only=False
[demod] loading /Users/magnus/repos/cassette-ai/experiments/tape_v2/captures/tape7_run1.wav ...
[demod] sync clock 1.002163x align +689869 flutter 0.37% SNRmed 36.4 dB (4s)
[demod] m16_rs111_8k   WS_M16_K1_sp3_N256  frames= 37 rawBER=0.019793  (40s)
[demod] m16_rs159_8k   WS_M16_K1_sp3_N256  frames= 26 rawBER=0.013594  (29s)
[demod] m16_rs191_8k   WS_M16_K1_sp3_N256  frames= 22 rawBER=0.022082  (24s)
[demod] m16_rs223_8k   WS_M16_K1_sp3_N256  frames= 19 rawBER=0.022509  (19s)
[demod] m32_rs95_4k    WS_M32_K2_sp2_N320  frames= 22 rawBER=0.096602  (19s)
[demod] m32_rs111_4k   WS_M32_K2_sp2_N320  frames= 19 rawBER=0.142647  (16s)
[demod] m32_rs127_4k   WS_M32_K2_sp2_N320  frames= 17 rawBER=0.089156  (15s)
[demod] m32_rs159_4k   WS_M32_K2_sp2_N320  frames= 13 rawBER=0.083673  (12s)
[demod] m32_rs191_4k   WS_M32_K2_sp2_N320  frames= 11 rawBER=0.083534  (12s)
[demod] cache -> /Users/magnus/repos/cassette-ai/experiments/tape_v2/results/h2_demod_cache.npz (2.4 MB, total 191s)
[parity] m16_rs111_8k   rawBER recomputed 0.01979332 vs m7 0.01979332  d=0.00e+00  OK
[parity] m16_rs159_8k   rawBER recomputed 0.01359351 vs m7 0.01359351  d=0.00e+00  OK
[parity] m16_rs191_8k   rawBER recomputed 0.02208162 vs m7 0.02208162  d=0.00e+00  OK
[parity] m16_rs223_8k   rawBER recomputed 0.02250927 vs m7 0.02250927  d=0.00e+00  OK
[parity] m32_rs95_4k    rawBER recomputed 0.09660205 vs m7 0.09660205  d=0.00e+00  OK
[parity] m32_rs111_4k   rawBER recomputed 0.14264706 vs m7 0.14264706  d=0.00e+00  OK
[parity] m32_rs127_4k   rawBER recomputed 0.08915627 vs m7 0.08915627  d=0.00e+00  OK
[parity] m32_rs159_4k   rawBER recomputed 0.08367270 vs m7 0.08367270  d=0.00e+00  OK
[parity] m32_rs191_4k   rawBER recomputed 0.08353387 vs m7 0.08353387  d=0.00e+00  OK
[selftest] reedsolo 40 erasures + 10 errors over RS(255,191): OK (2e+f=60 <= 64 corrected)

[baseline] errors-only decode parity vs m7_results_tape7_run1.json
  m16_rs111_8k   cwFail  0/74  byteErr     0 exact=True  OK
  m16_rs159_8k   cwFail  1/52  byteErr    83 exact=False OK
  m16_rs191_8k   cwFail  0/43  byteErr     0 exact=True  OK
  m16_rs223_8k   cwFail  9/37  byteErr  1939 exact=False OK
  m32_rs95_4k    cwFail  0/44  byteErr     0 exact=True  OK
  m32_rs111_4k   cwFail 28/37  byteErr  3094 exact=False OK
  m32_rs127_4k   cwFail  2/33  byteErr   159 exact=False OK
  m32_rs159_4k   cwFail 12/26  byteErr  1861 exact=False OK
  m32_rs191_4k   cwFail 22/22  byteErr  4089 exact=False OK

[sweep] 44 fixed policies x 9 rungs

[best fixed policy] pct:10|gap|mean  (exact 4/9, total cwFail 41, passing intact: True)
  rung           cwFail before  after  byteErr before  after  exact before  after  mean erasures
  m16_rs111_8k               0      0               0      0          True   True           25.5
  m16_rs159_8k               1      0              83      0         False   True           25.4
  m16_rs191_8k               0      0               0      0          True   True           25.5
  m16_rs223_8k               9      6            1939   1552         False  False           23.6
  m32_rs95_4k                0      0               0      0          True   True           25.5
  m32_rs111_4k              28     11            3094   1218         False  False           25.5
  m32_rs127_4k               2      1             159     32         False  False           25.5
  m32_rs159_4k              12      3            1861    433         False  False           25.5
  m32_rs191_4k              22     20            4089   3823         False  False           25.5

[gate] m16_rs223 exact after: False; passing intact: True; flipped rungs: ['m16_rs159_8k']; total cwFail 74 -> 41 (45% drop)
[gate] VERDICT: PARTIAL

[diagnostic] best passing-intact policy per rung (not the headline):
  m16_rs111_8k   pct:10|gap|mean          cwFail  0 exact=True
  m16_rs159_8k   pct:10|gap|mean          cwFail  0 exact=True
  m16_rs191_8k   pct:10|gap|mean          cwFail  0 exact=True
  m16_rs223_8k   frac:0.25|gap|mean       cwFail  3 exact=False
  m32_rs95_4k    pct:10|gap|mean          cwFail  0 exact=True
  m32_rs111_4k   frac:0.25|gap|mean       cwFail  5 exact=False
  m32_rs127_4k   pct:5|lock|mean          cwFail  0 exact=True
  m32_rs159_4k   frac:0.25|gap|mean       cwFail  2 exact=False
  m32_rs191_4k   pct:10|gap|mean          cwFail 20 exact=False

[done] wrote /Users/magnus/repos/cassette-ai/experiments/tape_v2/results/h2_erasure_results.json
